<?xml version="1.0" encoding="UTF-8"?>
<!-- Generated by org.testng.reporters.JUnitReportReporter -->
<testsuite hostname="WKWZTrLlR6MHSlx" failures="0" tests="1" name="testNG.SeleniumAssignmentOrange" time="34.304" errors="0" timestamp="2022-11-24T07:20:20 IST" skipped="0">
  <testcase classname="testNG.SeleniumAssignmentOrange" name="seleniumAssignment1" time="34.304"/>
  <system-out/>
</testsuite> <!-- testNG.SeleniumAssignmentOrange -->
