<?xml version="1.0" encoding="UTF-8"?>
<!-- Generated by org.testng.reporters.JUnitReportReporter -->
<testsuite hostname="WKWZTrLlR6MHSlx" failures="0" tests="3" name="day3.MyFirstTestNG" time="0.001" errors="0" timestamp="2022-11-23T16:01:18 IST" skipped="0">
  <testcase classname="day3.MyFirstTestNG" name="login" time="0.000"/>
  <system-out/>
  <testcase classname="day3.MyFirstTestNG" name="createAccount" time="0.001"/>
  <system-out/>
  <testcase classname="day3.MyFirstTestNG" name="logout" time="0.000"/>
  <system-out/>
</testsuite> <!-- day3.MyFirstTestNG -->
