<?xml version="1.0" encoding="UTF-8"?>
<!-- Generated by org.testng.reporters.JUnitReportReporter -->
<testsuite hostname="WKWZTrLlR6MHSlx" failures="0" tests="1" name="testNG.IneuronEx" time="7.241" errors="0" timestamp="2022-11-23T00:36:56 IST" skipped="0">
  <testcase classname="testNG.IneuronEx" name="neuron" time="7.241"/>
  <system-out/>
</testsuite> <!-- testNG.IneuronEx -->
