<?xml version="1.0" encoding="UTF-8"?>
<!-- Generated by org.testng.reporters.JUnitReportReporter -->
<testsuite hostname="WKWZTrLlR6MHSlx" failures="0" tests="1" name="day3.Task7" time="4.628" errors="0" timestamp="2022-11-23T16:01:18 IST" skipped="0">
  <testcase classname="day3.Task7" name="task" time="4.628"/>
  <system-out/>
</testsuite> <!-- day3.Task7 -->
