<?xml version="1.0" encoding="UTF-8"?>
<!-- Generated by org.testng.reporters.JUnitReportReporter -->
<testsuite hostname="WKWZTrLlR6MHSlx" failures="0" tests="1" name="day4.seleniumGrid" time="20.835" errors="0" timestamp="2022-11-24T10:14:30 IST" skipped="0">
  <testcase classname="day4.seleniumGrid" name="validCredentials" time="20.835"/>
  <system-out/>
</testsuite> <!-- day4.seleniumGrid -->
