<?xml version="1.0" encoding="UTF-8"?>
<!-- Generated by org.testng.reporters.JUnitReportReporter -->
<testsuite hostname="WKWZTrLlR6MHSlx" failures="0" tests="5" name="day3.LoginTest" time="25.899" errors="0" timestamp="2022-11-23T16:01:18 IST" skipped="0">
  <testcase classname="day3.LoginTest" name="invalidUsernameValidPassword" time="4.642"/>
  <system-out/>
  <testcase classname="day3.LoginTest" name="invalidCredentials" time="4.386"/>
  <system-out/>
  <testcase classname="day3.LoginTest" name="blankCredentials" time="4.389"/>
  <system-out/>
  <testcase classname="day3.LoginTest" name="validCredentials" time="7.193"/>
  <system-out/>
  <testcase classname="day3.LoginTest" name="validUsernameInvalidPassword" time="5.289"/>
  <system-out/>
</testsuite> <!-- day3.LoginTest -->
