<?xml version="1.0" encoding="UTF-8"?>
<!-- Generated by org.testng.reporters.JUnitReportReporter -->
<testsuite hostname="WKWZTrLlR6MHSlx" failures="0" tests="3" name="day3.CrossBrowserTest" time="20.084" errors="0" timestamp="2022-11-24T11:19:16 IST" skipped="0">
  <testcase classname="day3.CrossBrowserTest" name="loginTest1" time="6.568"/>
  <system-out/>
  <testcase classname="day3.CrossBrowserTest" name="loginTest1" time="8.664"/>
  <system-out/>
  <testcase classname="day3.CrossBrowserTest" name="loginTest1" time="4.852"/>
  <system-out/>
</testsuite> <!-- day3.CrossBrowserTest -->
