<?xml version="1.0" encoding="UTF-8"?>
<!-- Generated by org.testng.reporters.JUnitReportReporter -->
<testsuite hostname="WKWZTrLlR6MHSlx" failures="0" tests="5" name="testNG.LoginTest" time="30.609" errors="0" timestamp="2022-11-22T16:58:39 IST" skipped="0">
  <testcase classname="testNG.LoginTest" name="validCredentials" time="8.234"/>
  <system-out/>
  <testcase classname="testNG.LoginTest" name="validUsernameInvalidPassword" time="5.848"/>
  <system-out/>
  <testcase classname="testNG.LoginTest" name="invalidCredentials" time="5.375"/>
  <system-out/>
  <testcase classname="testNG.LoginTest" name="invalidUsernameValidPassword" time="6.931"/>
  <system-out/>
  <testcase classname="testNG.LoginTest" name="blankCredentials" time="4.221"/>
  <system-out/>
</testsuite> <!-- testNG.LoginTest -->
