<?xml version="1.0" encoding="UTF-8"?>
<!-- Generated by org.testng.reporters.JUnitReportReporter -->
<testsuite hostname="WKWZTrLlR6MHSlx" failures="0" tests="5" name="day5.seleniumGrid" time="83.331" errors="0" timestamp="2022-11-24T12:35:08 IST" skipped="0">
  <testcase classname="day5.seleniumGrid" name="validCredentials" time="21.016"/>
  <system-out/>
  <testcase classname="day5.seleniumGrid" name="validCredentials" time="15.449"/>
  <system-out/>
  <testcase classname="day5.seleniumGrid" name="validCredentials" time="16.111"/>
  <system-out/>
  <testcase classname="day5.seleniumGrid" name="validCredentials" time="14.890"/>
  <system-out/>
  <testcase classname="day5.seleniumGrid" name="validCredentials" time="15.865"/>
  <system-out/>
</testsuite> <!-- day5.seleniumGrid -->
